Warning[205] D:\MEUS ARQUIVOS\VIDEOS\MM MICRO\PS-MM.ASM 12 : Found directive in column 1. (CBLOCK)
Warning[205] D:\MEUS ARQUIVOS\VIDEOS\MM MICRO\PS-MM.ASM 23 : Found directive in column 1. (ENDC)
Warning[205] D:\MEUS ARQUIVOS\VIDEOS\MM MICRO\PS-MM.ASM 46 : Found directive in column 1. (ORG)
Warning[203] D:\MEUS ARQUIVOS\VIDEOS\MM MICRO\PS-MM.ASM 47 : Found opcode in column 1. (GOTO)
Warning[205] D:\MEUS ARQUIVOS\VIDEOS\MM MICRO\PS-MM.ASM 50 : Found directive in column 1. (ORG)
Warning[203] D:\MEUS ARQUIVOS\VIDEOS\MM MICRO\PS-MM.ASM 52 : Found opcode in column 1. (MOVWF)
Warning[203] D:\MEUS ARQUIVOS\VIDEOS\MM MICRO\PS-MM.ASM 53 : Found opcode in column 1. (MOVFF)
Warning[203] D:\MEUS ARQUIVOS\VIDEOS\MM MICRO\PS-MM.ASM 54 : Found opcode in column 1. (MOVFF)
Warning[203] D:\MEUS ARQUIVOS\VIDEOS\MM MICRO\PS-MM.ASM 57 : Found opcode in column 1. (BTFSS)
Warning[203] D:\MEUS ARQUIVOS\VIDEOS\MM MICRO\PS-MM.ASM 58 : Found opcode in column 1. (GOTO)
Warning[203] D:\MEUS ARQUIVOS\VIDEOS\MM MICRO\PS-MM.ASM 61 : Found opcode in column 1. (BCF)
Warning[203] D:\MEUS ARQUIVOS\VIDEOS\MM MICRO\PS-MM.ASM 62 : Found opcode in column 1. (MOVLW)
Warning[203] D:\MEUS ARQUIVOS\VIDEOS\MM MICRO\PS-MM.ASM 63 : Found opcode in column 1. (MOVWF)
Warning[203] D:\MEUS ARQUIVOS\VIDEOS\MM MICRO\PS-MM.ASM 64 : Found opcode in column 1. (DECFSZ)
Warning[203] D:\MEUS ARQUIVOS\VIDEOS\MM MICRO\PS-MM.ASM 65 : Found opcode in column 1. (GOTO)
Warning[203] D:\MEUS ARQUIVOS\VIDEOS\MM MICRO\PS-MM.ASM 67 : Found opcode in column 1. (MOVLW)
Warning[203] D:\MEUS ARQUIVOS\VIDEOS\MM MICRO\PS-MM.ASM 68 : Found opcode in column 1. (MOVWF)
Warning[203] D:\MEUS ARQUIVOS\VIDEOS\MM MICRO\PS-MM.ASM 70 : Found opcode in column 1. (DECFSZ)
Warning[203] D:\MEUS ARQUIVOS\VIDEOS\MM MICRO\PS-MM.ASM 71 : Found opcode in column 1. (GOTO)
Warning[203] D:\MEUS ARQUIVOS\VIDEOS\MM MICRO\PS-MM.ASM 73 : Found opcode in column 1. (MOVLW)
Warning[203] D:\MEUS ARQUIVOS\VIDEOS\MM MICRO\PS-MM.ASM 74 : Found opcode in column 1. (MOVWF)
Warning[203] D:\MEUS ARQUIVOS\VIDEOS\MM MICRO\PS-MM.ASM 76 : Found opcode in column 1. (BCF)
Warning[203] D:\MEUS ARQUIVOS\VIDEOS\MM MICRO\PS-MM.ASM 77 : Found opcode in column 1. (BSF)
Warning[207] D:\MEUS ARQUIVOS\VIDEOS\MM MICRO\PS-MM.ASM 128 : Found label after column 1. (BAT_RB2_NORMAL)
Warning[207] D:\MEUS ARQUIVOS\VIDEOS\MM MICRO\PS-MM.ASM 132 : Found label after column 1. (BAT_RB2_LOW)
Warning[207] D:\MEUS ARQUIVOS\VIDEOS\MM MICRO\PS-MM.ASM 137 : Found label after column 1. (INICIO)
Warning[207] D:\MEUS ARQUIVOS\VIDEOS\MM MICRO\PS-MM.ASM 145 : Found label after column 1. (BOTAO_RB1_LIB)
Warning[207] D:\MEUS ARQUIVOS\VIDEOS\MM MICRO\PS-MM.ASM 149 : Found label after column 1. (BOTAO_RB1_PRESS)
Warning[207] D:\MEUS ARQUIVOS\VIDEOS\MM MICRO\PS-MM.ASM 156 : Found label after column 1. (SCAN_RB3_OCUPADO)
Warning[207] D:\MEUS ARQUIVOS\VIDEOS\MM MICRO\PS-MM.ASM 159 : Found label after column 1. (SCAN_RB3_LIB)
Warning[205] D:\MEUS ARQUIVOS\VIDEOS\MM MICRO\PS-MM.ASM 166 : Found directive in column 1. (END)
